<?xml version="1.0" encoding="UTF-8"?>
<!-- Generated by org.testng.reporters.JUnitReportReporter -->
<testsuite hostname="Erka-PC" name="Testing.ETest" tests="2" failures="0" timestamp="19 Jun 2014 08:00:39 GMT" time="0.698" errors="0">
  <testcase name="containsTest" time="0.003" classname="Testing.ETest"/>
  <testcase name="ListTest" time="0.695" classname="Testing.ETest"/>
</testsuite> <!-- Testing.ETest -->
