<?xml version="1.0" encoding="UTF-8"?>
<!-- Generated by org.testng.reporters.JUnitReportReporter -->
<testsuite hostname="Erka-PC" name="Testing.PowTesting" tests="1" failures="0" timestamp="18 Jun 2014 13:48:08 GMT" time="0.010" errors="0">
  <testcase name="powtest" time="0.010" classname="Testing.PowTesting"/>
</testsuite> <!-- Testing.PowTesting -->
