<?xml version="1.0" encoding="UTF-8"?>
<!-- Generated by org.testng.reporters.JUnitReportReporter -->
<testsuite hostname="Erka-PC" name="Testing.CTest" tests="6" failures="0" timestamp="19 Jun 2014 08:00:39 GMT" time="0.007" errors="0">
  <testcase name="subTest" time="0.001" classname="Testing.CTest"/>
  <testcase name="divTest" time="0.003" classname="Testing.CTest"/>
  <testcase name="mulTest" time="0.000" classname="Testing.CTest"/>
  <testcase name="addTest" time="0.001" classname="Testing.CTest"/>
  <testcase name="sqrtTest" time="0.001" classname="Testing.CTest"/>
  <testcase name="modTest" time="0.001" classname="Testing.CTest"/>
</testsuite> <!-- Testing.CTest -->
