<?xml version="1.0" encoding="UTF-8"?>
<!-- Generated by org.testng.reporters.JUnitReportReporter -->
<testsuite hostname="mardiansyaah" name="Testing.ETest" tests="2" failures="0" timestamp="18 Jun 2014 17:11:33 GMT" time="0.263" errors="0">
  <testcase name="ListTest" time="0.261" classname="Testing.ETest"/>
  <testcase name="containsTest" time="0.002" classname="Testing.ETest"/>
</testsuite> <!-- Testing.ETest -->
