<?xml version="1.0" encoding="UTF-8"?>
<!-- Generated by org.testng.reporters.JUnitReportReporter -->
<testsuite hostname="mardiansyaah" name="Testing.PowTesting" tests="2" failures="0" timestamp="18 Jun 2014 17:10:48 GMT" time="0.012" errors="0">
  <testcase name="powtest" time="0.001" classname="Testing.PowTesting"/>
  <testcase name="DStringTest" time="0.011" classname="Testing.PowTesting"/>
</testsuite> <!-- Testing.PowTesting -->
