<?xml version="1.0" encoding="UTF-8"?>
<!-- Generated by org.testng.reporters.JUnitReportReporter -->
<testsuite hostname="Erka-PC" name="Testing.ETest" tests="2" failures="0" timestamp="18 Jun 2014 14:34:50 GMT" time="0.022" errors="0">
  <testcase name="ListTest" time="0.021" classname="Testing.ETest"/>
  <testcase name="containsTest" time="0.001" classname="Testing.ETest"/>
</testsuite> <!-- Testing.ETest -->
