<?xml version="1.0" encoding="UTF-8"?>
<!-- Generated by org.testng.reporters.JUnitReportReporter -->
<testsuite hostname="Erka-PC" name="Testing.ATest" tests="2" failures="0" timestamp="19 Jun 2014 08:00:39 GMT" time="0.003" errors="0">
  <testcase name="subTest" time="0.001" classname="Testing.ATest"/>
  <testcase name="addtest" time="0.002" classname="Testing.ATest"/>
</testsuite> <!-- Testing.ATest -->
