<?xml version="1.0" encoding="UTF-8"?>
<!-- Generated by org.testng.reporters.JUnitReportReporter -->
<testsuite hostname="Erka-PC" name="Testing.PowTesting" tests="2" failures="0" timestamp="19 Jun 2014 08:00:39 GMT" time="0.002" errors="0">
  <testcase name="powtest" time="0.001" classname="Testing.PowTesting"/>
  <testcase name="DStringTest" time="0.001" classname="Testing.PowTesting"/>
</testsuite> <!-- Testing.PowTesting -->
