<?xml version="1.0" encoding="UTF-8"?>
<!-- Generated by org.testng.reporters.JUnitReportReporter -->
<testsuite hostname="Erka-PC" name="Testing.BTest" tests="2" failures="0" timestamp="19 Jun 2014 08:00:39 GMT" time="0.068" errors="0">
  <testcase name="mulTest" time="0.001" classname="Testing.BTest"/>
  <testcase name="divTest" time="0.067" classname="Testing.BTest"/>
</testsuite> <!-- Testing.BTest -->
