<?xml version="1.0" encoding="UTF-8"?>
<!-- Generated by org.testng.reporters.JUnitReportReporter -->
<testsuite hostname="Erka-PC" name="Testing.PowTesting" tests="2" failures="0" timestamp="18 Jun 2014 14:24:05 GMT" time="0.009" errors="0">
  <testcase name="DStringTest" time="0.008" classname="Testing.PowTesting"/>
  <testcase name="powtest" time="0.001" classname="Testing.PowTesting"/>
</testsuite> <!-- Testing.PowTesting -->
